[2019-05-17 14:36:47,553] +++ xe logfile /Users/sihart/Genie_NetDevOpsLive/bgp_adjacencies/runinfo/BGP_check_job.2019May17_14:36:45.108097/xe-cli-1558100207.log +++
[2019-05-17 14:36:47,554] +++ Unicon plugin iosxe +++
[2019-05-17 14:36:47,565] +++ connection to spawn: mock_device_cli --os iosxe --mock_data_dir mock/xe --state connect, id: 4585227712 +++
[2019-05-17 14:36:47,568] connection to xe
Trying mock_device ...
Connected to mock_device.
Escape character is '^]'.
switch#
[2019-05-17 14:36:49,223] +++ initializing handle +++
[2019-05-17 14:36:49,225] +++ xe: executing command 'term length 0' +++
term length 0
switch#
[2019-05-17 14:36:49,335] +++ xe: executing command 'term width 0' +++
term width 0
switch#
[2019-05-17 14:36:49,431] +++ xe: executing command 'show version' +++
show version
Cisco IOS XE Software, Version 16.09.01
Cisco IOS Software [Fuji], Virtual XE Software (X86_64_LINUX_IOSD-UNIVERSALK9-M), Version 16.9.1, RELEASE SOFTWARE (fc2)
Technical Support: http://www.cisco.com/techsupport
Copyright (c) 1986-2018 by Cisco Systems, Inc.
Compiled Tue 17-Jul-18 16:57 by mcpre


Cisco IOS-XE software, Copyright (c) 2005-2018 by cisco Systems, Inc.
All rights reserved.  Certain components of Cisco IOS-XE software are
licensed under the GNU General Public License ("GPL") Version 2.0.  The
software code licensed under GPL Version 2.0 is free software that comes
with ABSOLUTELY NO WARRANTY.  You can redistribute and/or modify such
GPL code under the terms of GPL Version 2.0.  For more details, see the
documentation or "License Notice" file accompanying the IOS-XE software,
or the applicable URL provided on the flyer accompanying the IOS-XE
software.


ROM: IOS-XE ROMMON

xe uptime is 2 hours, 51 minutes
Uptime for this control processor is 2 hours, 53 minutes
System returned to ROM by reload
System image file is "bootflash:packages.conf"
Last reload reason: Reload Command



This product contains cryptographic features and is subject to United
States and local country laws governing import, export, transfer and
use. Delivery of Cisco cryptographic products does not imply
third-party authority to import, export, distribute or use encryption.
Importers, exporters, distributors and users are responsible for
compliance with U.S. and local country laws. By using this product you
agree to comply with applicable laws and regulations. If you are unable
to comply with U.S. and local laws, return this product immediately.

A summary of U.S. laws governing Cisco cryptographic products may be found at:
http://www.cisco.com/wwl/export/crypto/tool/stqrg.html

If you require further assistance please contact us by sending email to
export@cisco.com.

License Level: ax
License Type: Default. No valid license found.
Next reload license Level: ax

cisco CSR1000V (VXE) processor (revision VXE) with 1217428K/3075K bytes of memory.
Processor board ID 9GOSQDDGADY
3 Gigabit Ethernet interfaces
32768K bytes of non-volatile configuration memory.
3018864K bytes of physical memory.
7774207K bytes of virtual hard disk at bootflash:.
0K bytes of WebUI ODM Files at webui:.

Configuration register is 0x2102
switch#
[2019-05-17 14:36:49,571] +++ xe: config +++
config term
switch(config)#no logging console
switch(config)#line console 0
switch(config-line)#exec-timeout 0
switch(config-line)#end
switch#
[2019-05-17 14:36:50,687] +++ xe: executing command 'show bgp summary' +++
show bgp summary
% Command accepted but obsolete, unreleased or unsupported; see documentation.
BGP router identifier 192.168.0.2, local AS number 1
BGP table version is 4, main routing table version 4
3 network entries using 744 bytes of memory
3 path entries using 408 bytes of memory
3/3 BGP path/bestpath attribute entries using 840 bytes of memory
0 BGP route-map cache entries using 0 bytes of memory
0 BGP filter-list cache entries using 0 bytes of memory
BGP using 1992 total bytes of memory
BGP activity 3/0 prefixes, 3/0 paths, scan interval 60 secs

Neighbor        V           AS MsgRcvd MsgSent   TblVer  InQ OutQ Up/Down  State/PfxRcd
192.168.0.1     4            1     172     187        4    0    0 02:47:18        1
192.168.0.3     4            1     164     187        4    0    0 02:47:58        1
switch#
[2019-05-17 14:36:50,808] +++ xe: executing command 'show ip bgp template peer-session ' +++
show ip bgp template peer-session 
% Invalid command
Valid commands:
 config term
 dir
 show access-lists
 show arp
 show bgp all
 show bgp all cluster-ids
 show bgp all detail
 show bgp all neighbors
 show bgp all neighbors 192.168.0.1 advertised-routes
 show bgp all neighbors 192.168.0.1 policy
 show bgp all neighbors 192.168.0.1 received-routes
 show bgp all neighbors 192.168.0.1 routes
 show bgp all neighbors 192.168.0.3 advertised-routes
 show bgp all neighbors 192.168.0.3 policy
 show bgp all neighbors 192.168.0.3 received-routes
 show bgp all neighbors 192.168.0.3 routes
 show bgp all neighbors | i BGP neighbor
 show bgp summary
 show errdisable recovery
 show etherchannel summary
 show interfaces
 show interfaces accounting
 show inventory
 show ip arp summary
 show ip bgp all dampening parameters
 show ip bgp template peer-policy 
 show ip bgp template peer-session 
 show ip eigrp neighbors detail
 show ip igmp groups detail
 show ip igmp interface
 show ip igmp vrf Mgmt-intf groups detail
 show ip igmp vrf Mgmt-intf interface
 show ip interface
 show ip mroute
 show ip mroute static
 show ip mroute vrf Mgmt-intf
 show ip mroute vrf Mgmt-intf static
 show ip multicast
 show ip multicast vrf Mgmt-intf
 show ip ospf
 show ip ospf database external
 show ip ospf database network
 show ip ospf database opaque-area
 show ip ospf database router
 show ip ospf database summary
 show ip ospf interface
 show ip ospf interface | section GigabitEthernet2
 show ip ospf interface | section GigabitEthernet3
 show ip ospf mpls ldp interface
 show ip ospf mpls traffic-eng link
 show ip ospf neighbor detail
 show ip ospf sham-links
 show ip ospf virtual-links
 show ip pim bsr-router
 show ip pim interface
 show ip pim interface detail
 show ip pim interface df
 show ip pim neighbor
 show ip pim rp mapping
 show ip pim vrf Mgmt-intf bsr-router
 show ip pim vrf Mgmt-intf interface
 show ip pim vrf Mgmt-intf interface detail
 show ip pim vrf Mgmt-intf interface df
 show ip pim vrf Mgmt-intf neighbor
 show ip pim vrf Mgmt-intf rp mapping
 show ip prefix-list detail
 show ip protocols
 show ip protocols vrf Mgmt-intf | sec rip
 show ip protocols | sec rip
 show ip rip database
 show ip rip database vrf Mgmt-intf
 show ip route
 show ip route vrf Mgmt-intf
 show ip static route
 show ip static route vrf Mgmt-intf
 show ip traffic
 show ipv6 eigrp neighbors detail
 show ipv6 interface
 show ipv6 mld groups detail
 show ipv6 mld interface
 show ipv6 mld vrf Mgmt-intf groups detail
 show ipv6 mld vrf Mgmt-intf interface
 show ipv6 mroute
 show ipv6 mroute vrf Mgmt-intf
 show ipv6 pim bsr candidate-rp
 show ipv6 pim bsr election
 show ipv6 pim interface
 show ipv6 pim neighbor
 show ipv6 pim vrf Mgmt-intf bsr candidate-rp
 show ipv6 pim vrf Mgmt-intf bsr election
 show ipv6 pim vrf Mgmt-intf interface
 show ipv6 pim vrf Mgmt-intf neighbor
 show ipv6 prefix-list detail
 show ipv6 protocols vrf Mgmt-intf | sec rip
 show ipv6 protocols | sec rip
 show ipv6 route updated
 show ipv6 route vrf Mgmt-intf updated
 show ipv6 static detail
 show ipv6 static vrf Mgmt-intf detail
 show issu rollback-timer
 show issu state detail
 show lacp counters
 show lacp neighbor
 show lacp sys-id
 show lisp all service ethernet
 show lisp all service ethernet summary
 show lisp all service ipv4
 show lisp all service ipv4 summary
 show lisp all service ipv6
 show lisp all service ipv6 summary
 show lldp
 show lldp entry *
 show lldp interface
 show lldp neighbors detail
 show lldp traffic
 show mac address-table
 show mac address-table aging-time
 show mac address-table learning
 show ntp associations
 show ntp config
 show ntp status
 show pagp  counters
 show pagp internal
 show pagp neighbor
 show platform
 show redundancy
 show route-map all
 show running-config
 show running-config | section router ospf 1
 show spanning-tree
 show spanning-tree detail
 show spanning-tree mst configuration
 show spanning-tree mst detail
 show spanning-tree summary
 show standby all
 show standby delay
 show version
 show vlan
 show vrf detail
 show vrf detail | inc \(VRF
 term length 0
 term width 0
switch#
[2019-05-17 14:36:50,910] +++ xe: executing command 'show ip bgp template peer-policy ' +++
show ip bgp template peer-policy 
% Invalid command
Valid commands:
 config term
 dir
 show access-lists
 show arp
 show bgp all
 show bgp all cluster-ids
 show bgp all detail
 show bgp all neighbors
 show bgp all neighbors 192.168.0.1 advertised-routes
 show bgp all neighbors 192.168.0.1 policy
 show bgp all neighbors 192.168.0.1 received-routes
 show bgp all neighbors 192.168.0.1 routes
 show bgp all neighbors 192.168.0.3 advertised-routes
 show bgp all neighbors 192.168.0.3 policy
 show bgp all neighbors 192.168.0.3 received-routes
 show bgp all neighbors 192.168.0.3 routes
 show bgp all neighbors | i BGP neighbor
 show bgp summary
 show errdisable recovery
 show etherchannel summary
 show interfaces
 show interfaces accounting
 show inventory
 show ip arp summary
 show ip bgp all dampening parameters
 show ip bgp template peer-policy 
 show ip bgp template peer-session 
 show ip eigrp neighbors detail
 show ip igmp groups detail
 show ip igmp interface
 show ip igmp vrf Mgmt-intf groups detail
 show ip igmp vrf Mgmt-intf interface
 show ip interface
 show ip mroute
 show ip mroute static
 show ip mroute vrf Mgmt-intf
 show ip mroute vrf Mgmt-intf static
 show ip multicast
 show ip multicast vrf Mgmt-intf
 show ip ospf
 show ip ospf database external
 show ip ospf database network
 show ip ospf database opaque-area
 show ip ospf database router
 show ip ospf database summary
 show ip ospf interface
 show ip ospf interface | section GigabitEthernet2
 show ip ospf interface | section GigabitEthernet3
 show ip ospf mpls ldp interface
 show ip ospf mpls traffic-eng link
 show ip ospf neighbor detail
 show ip ospf sham-links
 show ip ospf virtual-links
 show ip pim bsr-router
 show ip pim interface
 show ip pim interface detail
 show ip pim interface df
 show ip pim neighbor
 show ip pim rp mapping
 show ip pim vrf Mgmt-intf bsr-router
 show ip pim vrf Mgmt-intf interface
 show ip pim vrf Mgmt-intf interface detail
 show ip pim vrf Mgmt-intf interface df
 show ip pim vrf Mgmt-intf neighbor
 show ip pim vrf Mgmt-intf rp mapping
 show ip prefix-list detail
 show ip protocols
 show ip protocols vrf Mgmt-intf | sec rip
 show ip protocols | sec rip
 show ip rip database
 show ip rip database vrf Mgmt-intf
 show ip route
 show ip route vrf Mgmt-intf
 show ip static route
 show ip static route vrf Mgmt-intf
 show ip traffic
 show ipv6 eigrp neighbors detail
 show ipv6 interface
 show ipv6 mld groups detail
 show ipv6 mld interface
 show ipv6 mld vrf Mgmt-intf groups detail
 show ipv6 mld vrf Mgmt-intf interface
 show ipv6 mroute
 show ipv6 mroute vrf Mgmt-intf
 show ipv6 pim bsr candidate-rp
 show ipv6 pim bsr election
 show ipv6 pim interface
 show ipv6 pim neighbor
 show ipv6 pim vrf Mgmt-intf bsr candidate-rp
 show ipv6 pim vrf Mgmt-intf bsr election
 show ipv6 pim vrf Mgmt-intf interface
 show ipv6 pim vrf Mgmt-intf neighbor
 show ipv6 prefix-list detail
 show ipv6 protocols vrf Mgmt-intf | sec rip
 show ipv6 protocols | sec rip
 show ipv6 route updated
 show ipv6 route vrf Mgmt-intf updated
 show ipv6 static detail
 show ipv6 static vrf Mgmt-intf detail
 show issu rollback-timer
 show issu state detail
 show lacp counters
 show lacp neighbor
 show lacp sys-id
 show lisp all service ethernet
 show lisp all service ethernet summary
 show lisp all service ipv4
 show lisp all service ipv4 summary
 show lisp all service ipv6
 show lisp all service ipv6 summary
 show lldp
 show lldp entry *
 show lldp interface
 show lldp neighbors detail
 show lldp traffic
 show mac address-table
 show mac address-table aging-time
 show mac address-table learning
 show ntp associations
 show ntp config
 show ntp status
 show pagp  counters
 show pagp internal
 show pagp neighbor
 show platform
 show redundancy
 show route-map all
 show running-config
 show running-config | section router ospf 1
 show spanning-tree
 show spanning-tree detail
 show spanning-tree mst configuration
 show spanning-tree mst detail
 show spanning-tree summary
 show standby all
 show standby delay
 show version
 show vlan
 show vrf detail
 show vrf detail | inc \(VRF
 term length 0
 term width 0
switch#
[2019-05-17 14:36:51,017] +++ xe: executing command 'show vrf detail | inc \(VRF' +++
show vrf detail | inc \(VRF
VRF Mgmt-intf (VRF Id = 1); default RD <not set>; default VPNID <not set>
switch#
[2019-05-17 14:36:51,128] +++ xe: executing command 'show bgp all cluster-ids' +++
show bgp all cluster-ids
Global cluster-id: 192.168.0.2 (configured: 0.0.0.0)
BGP client-to-client reflection:         Configured    Used
  all (inter-cluster and intra-cluster): ENABLED
  intra-cluster:                         ENABLED       ENABLED

List of cluster-ids:
Cluster-id     #-neighbors C2C-rfl-CFG C2C-rfl-USE
switch#
[2019-05-17 14:36:51,249] +++ xe: executing command 'show ip bgp all dampening parameters' +++
show ip bgp all dampening parameters
For address family: IPv4 Unicast

% dampening not enabled for base

For address family: IPv6 Unicast

% dampening not enabled for base

For address family: IPv4 Multicast

% dampening not enabled for base

For address family: L2VPN E-VPN

% dampening not enabled for base

For address family: MVPNv4 Unicast

% dampening not enabled for base

For address family: MVPNv6 Unicast

% dampening not enabled for base
switch#
[2019-05-17 14:36:51,347] +++ xe: executing command 'show bgp all neighbors' +++
show bgp all neighbors
For address family: IPv4 Unicast
BGP neighbor is 192.168.0.1,  remote AS 1, internal link
 Description: iBGP peer nx
  BGP version 4, remote router ID 192.168.0.1
  BGP state = Established, up for 02:47:21
  Last read 00:00:19, last write 00:00:00, hold time is 180, keepalive interval is 60 seconds
  Neighbor sessions:
    1 active, is not multisession capable (disabled)
  Neighbor capabilities:
    Route refresh: advertised and received(new)
    Four-octets ASN Capability: advertised and received
    Address family IPv4 Unicast: advertised and received
    Graceful Restart Capability: received
      Remote Restart timer is 120 seconds
      Address families advertised by peer:
        IPv4 Unicast (was not preserved
    Enhanced Refresh Capability: advertised
    Multisession Capability: 
    Stateful switchover support enabled: NO for session 1
  Message statistics:
    InQ depth is 0
    OutQ depth is 0
    
                         Sent       Rcvd
    Opens:                  1          1
    Notifications:          0          0
    Updates:                2          2
    Keepalives:           185        169
    Route Refresh:          0          0
    Total:                188        172
  Do log neighbor state changes (via global configuration)
  Default minimum time between advertisement runs is 0 seconds

  Address tracking is enabled, the RIB does have a route to 192.168.0.1
  Route to peer address reachability Up: 1; Down: 0
    Last notification 02:47:26
  Connections established 1; dropped 0
  Last reset never
  Interface associated: (none) (peering address NOT in same link)
  Transport(tcp) path-mtu-discovery is enabled
  Graceful-Restart is disabled
  SSO is disabled
Connection state is ESTAB, I/O status: 1, unread input bytes: 0            
Connection is ECN Disabled, Mininum incoming TTL 0, Outgoing TTL 255
Local host: 192.168.0.2, Local port: 179
Foreign host: 192.168.0.1, Foreign port: 34018
Connection tableid (VRF): 0
Maximum output segment queue size: 50

Enqueued packets for retransmit: 0, input: 0  mis-ordered: 0 (0 bytes)

Event Timers (current time is 0x9DE232):
Timer          Starts    Wakeups            Next
Retrans           187          0             0x0
TimeWait            0          0             0x0
AckHold           171        165             0x0
SendWnd             0          0             0x0
KeepAlive           0          0             0x0
GiveUp              0          0             0x0
PmtuAger            0          0             0x0
DeadWait            0          0             0x0
Linger              0          0             0x0
ProcessQ            0          0             0x0

iss: 1571531583  snduna: 1571535235  sndnxt: 1571535235
irs: 1042975119  rcvnxt: 1042978473

sndwnd:  29200  scale:      0  maxrcvwnd:  16384
rcvwnd:  15966  scale:      0  delrcvwnd:    418

SRTT: 1000 ms, RTTO: 1003 ms, RTV: 3 ms, KRTT: 0 ms
minRTT: 1 ms, maxRTT: 1000 ms, ACK hold: 200 ms
uptime: 10042190 ms, Sent idletime: 407 ms, Receive idletime: 405 ms 
Status Flags: passive open, gen tcbs
Option Flags: nagle, path mtu capable
IP Precedence value : 6

Datagrams (max data segment is 1460 bytes):
Rcvd: 359 (out of order: 0), with data: 170, total data bytes: 3353
Sent: 356 (retransmit: 0, fastretransmit: 0, partialack: 0, Second Congestion: 0), with data: 187, total data bytes: 3651

 Packets received in fast path: 0, fast processed: 0, slow path: 0
 fast lock acquisition failures: 0, slow path: 0
TCP Semaphore      0x7F10ABD72298  FREE 

BGP neighbor is 192.168.0.3,  remote AS 1, internal link
 Description: iBGP peer xr
  BGP version 4, remote router ID 192.168.0.3
  BGP state = Established, up for 02:48:01
  Last read 00:00:38, last write 00:00:59, hold time is 180, keepalive interval is 60 seconds
  Neighbor sessions:
    1 active, is not multisession capable (disabled)
  Neighbor capabilities:
    Route refresh: advertised and received(new)
    Four-octets ASN Capability: advertised and received
    Address family IPv4 Unicast: advertised and received
    Enhanced Refresh Capability: advertised
    Multisession Capability: 
    Stateful switchover support enabled: NO for session 1
  Message statistics:
    InQ depth is 0
    OutQ depth is 0
    
                         Sent       Rcvd
    Opens:                  1          1
    Notifications:          0          0
    Updates:                2          2
    Keepalives:           184        161
    Route Refresh:          0          0
    Total:                187        164
  Do log neighbor state changes (via global configuration)
  Default minimum time between advertisement runs is 0 seconds

  Address tracking is enabled, the RIB does have a route to 192.168.0.3
  Route to peer address reachability Up: 1; Down: 0
    Last notification 02:48:05
  Connections established 1; dropped 0
  Last reset never
  Interface associated: (none) (peering address NOT in same link)
  Transport(tcp) path-mtu-discovery is enabled
  Graceful-Restart is disabled
  SSO is disabled
Connection state is ESTAB, I/O status: 1, unread input bytes: 0            
Connection is ECN Disabled, Mininum incoming TTL 0, Outgoing TTL 255
Local host: 192.168.0.2, Local port: 179
Foreign host: 192.168.0.3, Foreign port: 27376
Connection tableid (VRF): 0
Maximum output segment queue size: 50

Enqueued packets for retransmit: 0, input: 0  mis-ordered: 0 (0 bytes)

Event Timers (current time is 0x9DE233):
Timer          Starts    Wakeups            Next
Retrans           186          0             0x0
TimeWait            0          0             0x0
AckHold           164        161             0x0
SendWnd             0          0             0x0
KeepAlive           0          0             0x0
GiveUp              0          0             0x0
PmtuAger            0          0             0x0
DeadWait            0          0             0x0
Linger              0          0             0x0
ProcessQ            0          0             0x0

iss: 1278377312  snduna: 1278380945  sndnxt: 1278380945
irs: 1194708170  rcvnxt: 1194711362

sndwnd:  31723  scale:      0  maxrcvwnd:  16384
rcvwnd:  15700  scale:      0  delrcvwnd:    684

SRTT: 1000 ms, RTTO: 1003 ms, RTV: 3 ms, KRTT: 0 ms
minRTT: 3 ms, maxRTT: 1000 ms, ACK hold: 200 ms
uptime: 10081824 ms, Sent idletime: 37655 ms, Receive idletime: 38062 ms 
Status Flags: passive open, gen tcbs
Option Flags: nagle, path mtu capable
IP Precedence value : 6

Datagrams (max data segment is 1240 bytes):
Rcvd: 349 (out of order: 0), with data: 164, total data bytes: 3191
Sent: 351 (retransmit: 0, fastretransmit: 0, partialack: 0, Second Congestion: 0), with data: 186, total data bytes: 3632

 Packets received in fast path: 0, fast processed: 0, slow path: 0
 fast lock acquisition failures: 0, slow path: 0
TCP Semaphore      0x7F10ABD72368  FREE 


For address family: IPv6 Unicast

For address family: IPv4 Multicast

For address family: L2VPN E-VPN

For address family: MVPNv4 Unicast

For address family: MVPNv6 Unicast
switch#
[2019-05-17 14:36:51,519] +++ xe: executing command 'show bgp all neighbors 192.168.0.1 policy' +++
show bgp all neighbors 192.168.0.1 policy
 Neighbor: 192.168.0.1, Address-Family: IPv4 Unicast
switch#
[2019-05-17 14:36:51,621] +++ xe: executing command 'show bgp all neighbors 192.168.0.3 policy' +++
show bgp all neighbors 192.168.0.3 policy
 Neighbor: 192.168.0.3, Address-Family: IPv4 Unicast
switch#
[2019-05-17 14:36:51,719] +++ xe: executing command 'show bgp all' +++
show bgp all
For address family: IPv4 Unicast

BGP table version is 4, local router ID is 192.168.0.2
Status codes: s suppressed, d damped, h history, * valid, > best, i - internal, 
              r RIB-failure, S Stale, m multipath, b backup-path, f RT-Filter, 
              x best-external, a additional-path, c RIB-compressed, 
              t secondary path, L long-lived-stale,
Origin codes: i - IGP, e - EGP, ? - incomplete
RPKI validation codes: V valid, I invalid, N Not found

     Network          Next Hop            Metric LocPrf Weight Path
 r>i  192.168.0.1/32   192.168.0.1                   100      0 i
 *>   192.168.0.2/32   0.0.0.0                  0         32768 i
 r>i  192.168.0.3/32   192.168.0.3              0    100      0 i

For address family: IPv6 Unicast


For address family: IPv4 Multicast


For address family: L2VPN E-VPN


For address family: MVPNv4 Unicast


For address family: MVPNv6 Unicast
switch#
[2019-05-17 14:36:51,835] +++ xe: executing command 'show bgp all detail' +++
show bgp all detail
For address family: IPv4 Unicast

BGP routing table entry for 192.168.0.1/32, version 2
  Paths: (1 available, best #1, table default, RIB-failure(17))
  Not advertised to any peer
  Refresh Epoch 1
  Local
    192.168.0.1 (metric 2) from 192.168.0.1 (192.168.0.1)
      Origin IGP, localpref 100, valid, internal, best
      rx pathid: 0, tx pathid: 0x0
BGP routing table entry for 192.168.0.2/32, version 3
  Paths: (1 available, best #1, table default)
  Advertised to update-groups:
     1         
  Refresh Epoch 1
  Local
    0.0.0.0 from 0.0.0.0 (192.168.0.2)
      Origin IGP, metric 0, localpref 100, weight 32768, valid, sourced, local, best
      rx pathid: 0, tx pathid: 0x0
BGP routing table entry for 192.168.0.3/32, version 4
  Paths: (1 available, best #1, table default, RIB-failure(17))
  Not advertised to any peer
  Refresh Epoch 1
  Local
    192.168.0.3 (metric 2) from 192.168.0.3 (192.168.0.3)
      Origin IGP, metric 0, localpref 100, valid, internal, best
      rx pathid: 0, tx pathid: 0x0

For address family: IPv6 Unicast


For address family: IPv4 Multicast


For address family: L2VPN E-VPN


For address family: MVPNv4 Unicast


For address family: MVPNv6 Unicast
switch#
[2019-05-17 14:36:51,966] +++ xe: executing command 'show bgp all neighbors 192.168.0.1 advertised-routes' +++
show bgp all neighbors 192.168.0.1 advertised-routes
For address family: IPv4 Unicast
BGP table version is 4, local router ID is 192.168.0.2
Status codes: s suppressed, d damped, h history, * valid, > best, i - internal, 
              r RIB-failure, S Stale, m multipath, b backup-path, f RT-Filter, 
              x best-external, a additional-path, c RIB-compressed, 
              t secondary path, L long-lived-stale,
Origin codes: i - IGP, e - EGP, ? - incomplete
RPKI validation codes: V valid, I invalid, N Not found

     Network          Next Hop            Metric LocPrf Weight Path
 *>   192.168.0.2/32   0.0.0.0                  0         32768 i

Total number of prefixes 1
switch#
[2019-05-17 14:36:52,068] +++ xe: executing command 'show bgp all neighbors | i BGP neighbor' +++
show bgp all neighbors | i BGP neighbor
BGP neighbor is 192.168.0.1,  remote AS 1, internal link
BGP neighbor is 192.168.0.3,  remote AS 1, internal link
switch#
[2019-05-17 14:36:52,171] +++ xe: executing command 'show bgp all neighbors 192.168.0.3 advertised-routes' +++
show bgp all neighbors 192.168.0.3 advertised-routes
For address family: IPv4 Unicast
BGP table version is 4, local router ID is 192.168.0.2
Status codes: s suppressed, d damped, h history, * valid, > best, i - internal, 
              r RIB-failure, S Stale, m multipath, b backup-path, f RT-Filter, 
              x best-external, a additional-path, c RIB-compressed, 
              t secondary path, L long-lived-stale,
Origin codes: i - IGP, e - EGP, ? - incomplete
RPKI validation codes: V valid, I invalid, N Not found

     Network          Next Hop            Metric LocPrf Weight Path
 *>   192.168.0.2/32   0.0.0.0                  0         32768 i

Total number of prefixes 1
switch#
[2019-05-17 14:36:52,270] +++ xe: executing command 'show bgp all neighbors | i BGP neighbor' +++
show bgp all neighbors | i BGP neighbor
BGP neighbor is 192.168.0.1,  remote AS 1, internal link
BGP neighbor is 192.168.0.3,  remote AS 1, internal link
switch#
[2019-05-17 14:36:52,384] +++ xe: executing command 'show bgp all neighbors 192.168.0.1 routes' +++
show bgp all neighbors 192.168.0.1 routes
For address family: IPv4 Unicast
BGP table version is 4, local router ID is 192.168.0.2
Status codes: s suppressed, d damped, h history, * valid, > best, i - internal, 
              r RIB-failure, S Stale, m multipath, b backup-path, f RT-Filter, 
              x best-external, a additional-path, c RIB-compressed, 
              t secondary path, L long-lived-stale,
Origin codes: i - IGP, e - EGP, ? - incomplete
RPKI validation codes: V valid, I invalid, N Not found

     Network          Next Hop            Metric LocPrf Weight Path
 r>i  192.168.0.1/32   192.168.0.1                   100      0 i

Total number of prefixes 1
switch#
[2019-05-17 14:36:52,481] +++ xe: executing command 'show bgp all neighbors | i BGP neighbor' +++
show bgp all neighbors | i BGP neighbor
BGP neighbor is 192.168.0.1,  remote AS 1, internal link
BGP neighbor is 192.168.0.3,  remote AS 1, internal link
switch#
[2019-05-17 14:36:52,598] +++ xe: executing command 'show bgp all neighbors 192.168.0.3 routes' +++
show bgp all neighbors 192.168.0.3 routes
For address family: IPv4 Unicast
BGP table version is 4, local router ID is 192.168.0.2
Status codes: s suppressed, d damped, h history, * valid, > best, i - internal, 
              r RIB-failure, S Stale, m multipath, b backup-path, f RT-Filter, 
              x best-external, a additional-path, c RIB-compressed, 
              t secondary path, L long-lived-stale,
Origin codes: i - IGP, e - EGP, ? - incomplete
RPKI validation codes: V valid, I invalid, N Not found

     Network          Next Hop            Metric LocPrf Weight Path
 r>i  192.168.0.3/32   192.168.0.3              0    100      0 i

Total number of prefixes 1
switch#
[2019-05-17 14:36:52,720] +++ xe: executing command 'show bgp all neighbors | i BGP neighbor' +++
show bgp all neighbors | i BGP neighbor
BGP neighbor is 192.168.0.1,  remote AS 1, internal link
BGP neighbor is 192.168.0.3,  remote AS 1, internal link
switch#
[2019-05-17 14:36:52,820] +++ xe: executing command 'show bgp all neighbors 192.168.0.1 received-routes' +++
show bgp all neighbors 192.168.0.1 received-routes
For address family: IPv4 Unicast
% Inbound soft reconfiguration not enabled on 192.168.0.1
switch#
[2019-05-17 14:36:52,930] +++ xe: executing command 'show bgp all neighbors | i BGP neighbor' +++
show bgp all neighbors | i BGP neighbor
BGP neighbor is 192.168.0.1,  remote AS 1, internal link
BGP neighbor is 192.168.0.3,  remote AS 1, internal link
switch#
[2019-05-17 14:36:53,042] +++ xe: executing command 'show bgp all neighbors 192.168.0.3 received-routes' +++
show bgp all neighbors 192.168.0.3 received-routes
For address family: IPv4 Unicast
% Inbound soft reconfiguration not enabled on 192.168.0.3
switch#
[2019-05-17 14:36:53,144] +++ xe: executing command 'show bgp all neighbors | i BGP neighbor' +++
show bgp all neighbors | i BGP neighbor
BGP neighbor is 192.168.0.1,  remote AS 1, internal link
BGP neighbor is 192.168.0.3,  remote AS 1, internal link
switch#
